ERROR  sunshine_state: fetch failed -> failed after 3 attempts: https://results.theclubspot.com/clubspot-results-v4/anqiZ8G2n7 :: 403 Client Error: Forbidden for url: https://results.theclubspot.com/clubspot-results-v4/anqiZ8G2n7?boatClassIDs=qWhwytMjzH
ERROR  nationals: fetch failed -> failed after 3 attempts: https://results.theclubspot.com/clubspot-results-v4/BS95PL9HBf :: 403 Client Error: Forbidden for url: https://results.theclubspot.com/clubspot-results-v4/BS95PL9HBf?boatClassIDs=WN7uWOYw7A
ERROR  team_trials: fetch failed -> failed after 3 attempts: https://results.theclubspot.com/clubspot-results-v4/MJPltRlXPA :: 403 Client Error: Forbidden for url: https://results.theclubspot.com/clubspot-results-v4/MJPltRlXPA?boatClassIDs=XvDEJVjRgD
ERROR  midwinters: fetch failed -> failed after 3 attempts: https://results.theclubspot.com/clubspot-results-v4/0hfYJK17wk :: 403 Client Error: Forbidden for url: https://results.theclubspot.com/clubspot-results-v4/0hfYJK17wk?boatClassIDs=Av4nDnjYFj
ERROR  atlantic_coast_gold: fetch failed -> failed after 3 attempts: https://results.theclubspot.com/clubspot-results-v4/QIbpENNi3M :: 403 Client Error: Forbidden for url: https://results.theclubspot.com/clubspot-results-v4/QIbpENNi3M?boatClassIDs=OLCOFjicY4
ERROR  atlantic_coast_silver: fetch failed -> failed after 3 attempts: https://results.theclubspot.com/clubspot-results-v4/QIbpENNi3M :: 403 Client Error: Forbidden for url: https://results.theclubspot.com/clubspot-results-v4/QIbpENNi3M?boatClassIDs=23Bek8QbNV
ERROR  great_lakes: fetch failed -> failed after 3 attempts: https://results.theclubspot.com/clubspot-results-v4/1kBu5jAm6Y :: 403 Client Error: Forbidden for url: https://results.theclubspot.com/clubspot-results-v4/1kBu5jAm6Y?boatClassIDs=Ze2513ux1B
ERROR  gulf_coast: fetch failed -> failed after 3 attempts: https://results.theclubspot.com/clubspot-results-v4/W2Urf2zGuq :: 403 Client Error: Forbidden for url: https://results.theclubspot.com/clubspot-results-v4/W2Urf2zGuq?boatClassIDs=qtagPKFOh8
ERROR  mid_america: fetch failed -> failed after 3 attempts: https://results.theclubspot.com/clubspot-results-v4/Wz6ugGAASD :: 403 Client Error: Forbidden for url: https://results.theclubspot.com/clubspot-results-v4/Wz6ugGAASD?boatClassIDs=QeUkMLlLWQ
ERROR  midwest: fetch failed -> failed after 3 attempts: https://results.theclubspot.com/clubspot-results-v4/6A4wtp0URb :: 403 Client Error: Forbidden for url: https://results.theclubspot.com/clubspot-results-v4/6A4wtp0URb?boatClassIDs=c6s4ylg3g8
ERROR  new_england: fetch failed -> failed after 3 attempts: https://results.theclubspot.com/clubspot-results-v4/b1ep9ZFOPV :: 403 Client Error: Forbidden for url: https://results.theclubspot.com/clubspot-results-v4/b1ep9ZFOPV?boatClassIDs=EYZrpRJLaY
ERROR  new_jersey_gold: fetch failed -> failed after 3 attempts: https://results.theclubspot.com/clubspot-results-v4/9X5aU1DNTq :: 403 Client Error: Forbidden for url: https://results.theclubspot.com/clubspot-results-v4/9X5aU1DNTq?boatClassIDs=WVq66GPoDs
ERROR  new_jersey_silver: fetch failed -> failed after 3 attempts: https://results.theclubspot.com/clubspot-results-v4/9X5aU1DNTq :: 403 Client Error: Forbidden for url: https://results.theclubspot.com/clubspot-results-v4/9X5aU1DNTq?boatClassIDs=mY5bywF16D
ERROR  northwest: fetch failed -> failed after 3 attempts: https://results.theclubspot.com/clubspot-results-v4/lZU38T7YsN :: 403 Client Error: Forbidden for url: https://results.theclubspot.com/clubspot-results-v4/lZU38T7YsN?boatClassIDs=JgyTx212Fh
ERROR  pacific_coast: fetch failed -> failed after 3 attempts: https://results.theclubspot.com/clubspot-results-v4/tQmblHWH4b :: 403 Client Error: Forbidden for url: https://results.theclubspot.com/clubspot-results-v4/tQmblHWH4b?boatClassIDs=6lAqW7upkk
ERROR  Southeast: fetch failed -> failed after 3 attempts: https://results.theclubspot.com/clubspot-results-v4/7RTvUFkNHg :: 403 Client Error: Forbidden for url: https://results.theclubspot.com/clubspot-results-v4/7RTvUFkNHg?boatClassIDs=0a0mZ3fRla
ERROR  west_coast: fetch failed -> failed after 3 attempts: https://results.theclubspot.com/clubspot-results-v4/fqhTlF2Cr5 :: 403 Client Error: Forbidden for url: https://results.theclubspot.com/clubspot-results-v4/fqhTlF2Cr5?boatClassIDs=JTho1UkmUU
ERROR  texas_youth: fetch failed -> failed after 3 attempts: https://results.theclubspot.com/clubspot-results-v4/bHLy71uNDe :: 403 Client Error: Forbidden for url: https://results.theclubspot.com/clubspot-results-v4/bHLy71uNDe?boatClassIDs=Co36ZrevqB
ERROR  Chesapeake: fetch failed -> failed after 3 attempts: https://results.theclubspot.com/clubspot-results-v4/O4t58OxETv :: 403 Client Error: Forbidden for url: https://results.theclubspot.com/clubspot-results-v4/O4t58OxETv?boatClassIDs=AoCBDt4Vc6
OK     orange_bowl: fleet_size=226, mult=1.1
